-------------------------------------------------------------------------------
Test set: com.vytrack.runners.CukesRunner
-------------------------------------------------------------------------------
Tests run: 3, Failures: 2, Errors: 0, Skipped: 0, Time elapsed: 144.459 s <<< FAILURE! - in com.vytrack.runners.CukesRunner
Sales manager user(Account type)  Time elapsed: 54.423 s  <<< FAILURE!
java.lang.AssertionError

Store manager user(Account type)  Time elapsed: 50.003 s  <<< FAILURE!
java.lang.AssertionError

